<?xml version="1.0" encoding="UTF-8"?>
<testng-results ignored="0" total="1" passed="1" failed="0" skipped="0">
  <reporter-output>
  </reporter-output>
  <suite started-at="2025-09-01T10:51:35 CDT" name="Default suite" finished-at="2025-09-01T10:51:37 CDT" duration-ms="2183">
    <groups>
    </groups>
    <test started-at="2025-09-01T10:51:35 CDT" name="Default test" finished-at="2025-09-01T10:51:37 CDT" duration-ms="2183">
      <class name="com.practice.tests.GooglTest">
        <test-method is-config="true" signature="setup()[pri:0, instance:com.practice.tests.GooglTest@2d3379b4]" started-at="2025-09-01T10:51:35 CDT" name="setup" finished-at="2025-09-01T10:51:36 CDT" duration-ms="1418" status="PASS">
          <reporter-output>
          </reporter-output>
        </test-method> <!-- setup -->
        <test-method signature="checkGoogleTitle()[pri:0, instance:com.practice.tests.GooglTest@2d3379b4]" started-at="2025-09-01T10:51:36 CDT" name="checkGoogleTitle" finished-at="2025-09-01T10:51:37 CDT" duration-ms="588" status="PASS">
          <reporter-output>
          </reporter-output>
        </test-method> <!-- checkGoogleTitle -->
        <test-method is-config="true" signature="tearDown()[pri:0, instance:com.practice.tests.GooglTest@2d3379b4]" started-at="2025-09-01T10:51:37 CDT" name="tearDown" finished-at="2025-09-01T10:51:37 CDT" duration-ms="143" status="PASS">
          <reporter-output>
          </reporter-output>
        </test-method> <!-- tearDown -->
      </class> <!-- com.practice.tests.GooglTest -->
    </test> <!-- Default test -->
  </suite> <!-- Default suite -->
</testng-results>
